C:\Program Files (x86)\Microsoft Visual Studio\2019\Community\MSBuild\Microsoft\VC\v160\Microsoft.CppBuild.targets(459,5): warning MSB8028: The intermediate directory (Debug\) contains files shared from another project (CollisionPerfect.vcxproj).  This can lead to incorrect clean and rebuild behavior.
  BitmaskManager.cpp
  Collision.cpp
F:\SFML\TextureManager\TextureManager\Collision.h(40,18): warning C4244: 'initializing': conversion from 'int' to 'float', possible loss of data
F:\SFML\TextureManager\TextureManager\Collision.h(41,18): warning C4244: 'initializing': conversion from 'int' to 'float', possible loss of data
F:\SFML\TextureManager\TextureManager\Collision.h(70,24): warning C4244: 'initializing': conversion from 'T' to 'unsigned int', possible loss of data
          with
          [
              T=float
          ]
F:\SFML\TextureManager\TextureManager\Collision.h(71,25): warning C4244: 'initializing': conversion from 'T' to 'unsigned int', possible loss of data
          with
          [
              T=float
          ]
F:\SFML\TextureManager\TextureManager\Collision.h(73,69): warning C4244: 'argument': conversion from 'unsigned int' to 'float', possible loss of data
F:\SFML\TextureManager\TextureManager\Collision.h(73,66): warning C4244: 'argument': conversion from 'unsigned int' to 'float', possible loss of data
F:\SFML\TextureManager\TextureManager\Collision.h(74,69): warning C4244: 'argument': conversion from 'unsigned int' to 'float', possible loss of data
F:\SFML\TextureManager\TextureManager\Collision.h(74,66): warning C4244: 'argument': conversion from 'unsigned int' to 'float', possible loss of data
  ImageFunc.cpp
F:\SFML\TextureManager\TextureManager\ImageFunc.cpp(140,23): warning C4018: '<': signed/unsigned mismatch
F:\SFML\TextureManager\TextureManager\ImageFunc.cpp(140,48): warning C4018: '<': signed/unsigned mismatch
  main.cpp
F:\SFML\TextureManager\TextureManager\Collision.h(40,18): warning C4244: 'initializing': conversion from 'int' to 'float', possible loss of data
F:\SFML\TextureManager\TextureManager\Collision.h(41,18): warning C4244: 'initializing': conversion from 'int' to 'float', possible loss of data
F:\SFML\TextureManager\TextureManager\Collision.h(70,24): warning C4244: 'initializing': conversion from 'T' to 'unsigned int', possible loss of data
          with
          [
              T=float
          ]
F:\SFML\TextureManager\TextureManager\Collision.h(71,25): warning C4244: 'initializing': conversion from 'T' to 'unsigned int', possible loss of data
          with
          [
              T=float
          ]
F:\SFML\TextureManager\TextureManager\Collision.h(73,69): warning C4244: 'argument': conversion from 'unsigned int' to 'float', possible loss of data
F:\SFML\TextureManager\TextureManager\Collision.h(73,66): warning C4244: 'argument': conversion from 'unsigned int' to 'float', possible loss of data
F:\SFML\TextureManager\TextureManager\Collision.h(74,69): warning C4244: 'argument': conversion from 'unsigned int' to 'float', possible loss of data
F:\SFML\TextureManager\TextureManager\Collision.h(74,66): warning C4244: 'argument': conversion from 'unsigned int' to 'float', possible loss of data
F:\SFML\TextureManager\TextureManager\main.cpp(86,29): warning C4305: 'argument': truncation from 'double' to 'T'
          with
          [
              T=float
          ]
F:\SFML\TextureManager\TextureManager\main.cpp(90,31): warning C4305: 'argument': truncation from 'double' to 'T'
          with
          [
              T=float
          ]
  TextureManager.cpp
  Generating Code...
  CollisionPerfect.vcxproj -> F:\SFML\TextureManager\Debug\TextureManager.exe
